This file contains any messages produced by compilers while
running configure, to aid debugging if configure makes a mistake.

It was created by FULL-PACKAGE-NAME configure VERSION, which was
generated by GNU Autoconf 2.69.  Invocation command line was

  $ ./configure 

## --------- ##
## Platform. ##
## --------- ##

hostname = localhost.localdomain
uname -m = x86_64
uname -r = 3.10.0-327.el7.x86_64
uname -s = Linux
uname -v = #1 SMP Thu Nov 19 22:10:57 UTC 2015

/usr/bin/uname -p = x86_64
/bin/uname -X     = unknown

/bin/arch              = x86_64
/usr/bin/arch -k       = unknown
/usr/convex/getsysinfo = unknown
/usr/bin/hostinfo      = unknown
/bin/machine           = unknown
/usr/bin/oslevel       = unknown
/bin/universe          = unknown

PATH: /usr/local/bin
PATH: /bin
PATH: /usr/bin
PATH: /usr/local/sbin
PATH: /usr/sbin
PATH: /home/build/.local/bin
PATH: /home/build/bin


## ----------- ##
## Core tests. ##
## ----------- ##

configure:2299: checking for a BSD-compatible install
configure:2367: result: /bin/install -c
configure:2378: checking whether build environment is sane
configure:2433: result: yes
configure:2584: checking for a thread-safe mkdir -p
configure:2623: result: /bin/mkdir -p
configure:2630: checking for gawk
configure:2646: found /bin/gawk
configure:2657: result: gawk
configure:2668: checking whether make sets $(MAKE)
configure:2690: result: yes
configure:2719: checking whether make supports nested variables
configure:2736: result: yes
configure:2834: checking for style of include used by make
configure:2862: result: GNU
configure:2933: checking for gcc
configure:2949: found /bin/gcc
configure:2960: result: gcc
configure:3189: checking for C compiler version
configure:3198: gcc --version >&5
gcc (GCC) 4.8.5 20150623 (Red Hat 4.8.5-4)
Copyright (C) 2015 Free Software Foundation, Inc.
This is free software; see the source for copying conditions.  There is NO
warranty; not even for MERCHANTABILITY or FITNESS FOR A PARTICULAR PURPOSE.

configure:3209: $? = 0
configure:3198: gcc -v >&5
Using built-in specs.
COLLECT_GCC=gcc
COLLECT_LTO_WRAPPER=/usr/libexec/gcc/x86_64-redhat-linux/4.8.5/lto-wrapper
Target: x86_64-redhat-linux
Configured with: ../configure --prefix=/usr --mandir=/usr/share/man --infodir=/usr/share/info --with-bugurl=http://bugzilla.redhat.com/bugzilla --enable-bootstrap --enable-shared --enable-threads=posix --enable-checking=release --with-system-zlib --enable-__cxa_atexit --disable-libunwind-exceptions --enable-gnu-unique-object --enable-linker-build-id --with-linker-hash-style=gnu --enable-languages=c,c++,objc,obj-c++,java,fortran,ada,go,lto --enable-plugin --enable-initfini-array --disable-libgcj --with-isl=/builddir/build/BUILD/gcc-4.8.5-20150702/obj-x86_64-redhat-linux/isl-install --with-cloog=/builddir/build/BUILD/gcc-4.8.5-20150702/obj-x86_64-redhat-linux/cloog-install --enable-gnu-indirect-function --with-tune=generic --with-arch_32=x86-64 --build=x86_64-redhat-linux
Thread model: posix
gcc version 4.8.5 20150623 (Red Hat 4.8.5-4) (GCC) 
configure:3209: $? = 0
configure:3198: gcc -V >&5
gcc: error: unrecognized command line option '-V'
gcc: fatal error: no input files
compilation terminated.
configure:3209: $? = 4
configure:3198: gcc -qversion >&5
gcc: error: unrecognized command line option '-qversion'
gcc: fatal error: no input files
compilation terminated.
configure:3209: $? = 4
configure:3229: checking whether the C compiler works
configure:3251: gcc    conftest.c  >&5
configure:3255: $? = 0
configure:3303: result: yes
configure:3306: checking for C compiler default output file name
configure:3308: result: a.out
configure:3314: checking for suffix of executables
configure:3321: gcc -o conftest    conftest.c  >&5
configure:3325: $? = 0
configure:3347: result: 
configure:3369: checking whether we are cross compiling
configure:3377: gcc -o conftest    conftest.c  >&5
configure:3381: $? = 0
configure:3388: ./conftest
configure:3392: $? = 0
configure:3407: result: no
configure:3412: checking for suffix of object files
configure:3434: gcc -c   conftest.c >&5
configure:3438: $? = 0
configure:3459: result: o
configure:3463: checking whether we are using the GNU C compiler
configure:3482: gcc -c   conftest.c >&5
configure:3482: $? = 0
configure:3491: result: yes
configure:3500: checking whether gcc accepts -g
configure:3520: gcc -c -g  conftest.c >&5
configure:3520: $? = 0
configure:3561: result: yes
configure:3578: checking for gcc option to accept ISO C89
configure:3641: gcc  -c -g -O2  conftest.c >&5
configure:3641: $? = 0
configure:3654: result: none needed
configure:3676: checking dependency style of gcc
configure:3787: result: gcc3
configure:3852: checking for ar
configure:3868: found /bin/ar
configure:3879: result: ar
configure:3905: checking the archiver (ar) interface
configure:3915: gcc -c -g -O2  conftest.c >&5
configure:3915: $? = 0
configure:3917: ar cru libconftest.a conftest.o >&5
configure:3920: $? = 0
configure:3943: result: ar
configure:3992: checking build system type
configure:4006: result: x86_64-unknown-linux-gnu
configure:4026: checking host system type
configure:4039: result: x86_64-unknown-linux-gnu
configure:4080: checking how to print strings
configure:4107: result: printf
configure:4128: checking for a sed that does not truncate output
configure:4192: result: /bin/sed
configure:4210: checking for grep that handles long lines and -e
configure:4268: result: /bin/grep
configure:4273: checking for egrep
configure:4335: result: /bin/grep -E
configure:4340: checking for fgrep
configure:4402: result: /bin/grep -F
configure:4437: checking for ld used by gcc
configure:4504: result: /bin/ld
configure:4511: checking if the linker (/bin/ld) is GNU ld
configure:4526: result: yes
configure:4538: checking for BSD- or MS-compatible name lister (nm)
configure:4587: result: /bin/nm -B
configure:4717: checking the name lister (/bin/nm -B) interface
configure:4724: gcc -c -g -O2  conftest.c >&5
configure:4727: /bin/nm -B "conftest.o"
configure:4730: output
0000000000000000 B some_variable
configure:4737: result: BSD nm
configure:4740: checking whether ln -s works
configure:4744: result: yes
configure:4752: checking the maximum length of command line arguments
configure:4882: result: 1572864
configure:4899: checking whether the shell understands some XSI constructs
configure:4909: result: yes
configure:4913: checking whether the shell understands "+="
configure:4919: result: yes
configure:4954: checking how to convert x86_64-unknown-linux-gnu file names to x86_64-unknown-linux-gnu format
configure:4994: result: func_convert_file_noop
configure:5001: checking how to convert x86_64-unknown-linux-gnu file names to toolchain format
configure:5021: result: func_convert_file_noop
configure:5028: checking for /bin/ld option to reload object files
configure:5035: result: -r
configure:5109: checking for objdump
configure:5125: found /bin/objdump
configure:5136: result: objdump
configure:5168: checking how to recognize dependent libraries
configure:5370: result: pass_all
configure:5455: checking for dlltool
configure:5485: result: no
configure:5515: checking how to associate runtime and link libraries
configure:5542: result: printf %s\n
configure:5666: checking for archiver @FILE support
configure:5683: gcc -c -g -O2  conftest.c >&5
configure:5683: $? = 0
configure:5686: ar cru libconftest.a @conftest.lst >&5
configure:5689: $? = 0
configure:5694: ar cru libconftest.a @conftest.lst >&5
ar: conftest.o: No such file or directory
configure:5697: $? = 1
configure:5709: result: @
configure:5767: checking for strip
configure:5783: found /bin/strip
configure:5794: result: strip
configure:5866: checking for ranlib
configure:5882: found /bin/ranlib
configure:5893: result: ranlib
configure:5995: checking command to parse /bin/nm -B output from gcc object
configure:6115: gcc -c -g -O2  conftest.c >&5
configure:6118: $? = 0
configure:6122: /bin/nm -B conftest.o \| sed -n -e 's/^.*[ ]\([ABCDGIRSTW][ABCDGIRSTW]*\)[ ][ ]*\([_A-Za-z][_A-Za-z0-9]*\)$/\1 \2 \2/p' | sed '/ __gnu_lto/d' \> conftest.nm
configure:6125: $? = 0
configure:6191: gcc -o conftest -g -O2   conftest.c conftstm.o >&5
configure:6194: $? = 0
configure:6232: result: ok
configure:6269: checking for sysroot
configure:6299: result: no
configure:6376: gcc -c -g -O2  conftest.c >&5
configure:6379: $? = 0
configure:6555: checking for mt
configure:6585: result: no
configure:6605: checking if : is a manifest tool
configure:6611: : '-?'
configure:6619: result: no
configure:7261: checking how to run the C preprocessor
configure:7292: gcc -E  conftest.c
configure:7292: $? = 0
configure:7306: gcc -E  conftest.c
conftest.c:11:28: fatal error: ac_nonexistent.h: No such file or directory
 #include <ac_nonexistent.h>
                            ^
compilation terminated.
configure:7306: $? = 1
configure: failed program was:
| /* confdefs.h */
| #define PACKAGE_NAME "FULL-PACKAGE-NAME"
| #define PACKAGE_TARNAME "full-package-name"
| #define PACKAGE_VERSION "VERSION"
| #define PACKAGE_STRING "FULL-PACKAGE-NAME VERSION"
| #define PACKAGE_BUGREPORT "BUG-REPORT-ADDRESS"
| #define PACKAGE_URL ""
| #define PACKAGE "full-package-name"
| #define VERSION "VERSION"
| /* end confdefs.h.  */
| #include <ac_nonexistent.h>
configure:7331: result: gcc -E
configure:7351: gcc -E  conftest.c
configure:7351: $? = 0
configure:7365: gcc -E  conftest.c
conftest.c:11:28: fatal error: ac_nonexistent.h: No such file or directory
 #include <ac_nonexistent.h>
                            ^
compilation terminated.
configure:7365: $? = 1
configure: failed program was:
| /* confdefs.h */
| #define PACKAGE_NAME "FULL-PACKAGE-NAME"
| #define PACKAGE_TARNAME "full-package-name"
| #define PACKAGE_VERSION "VERSION"
| #define PACKAGE_STRING "FULL-PACKAGE-NAME VERSION"
| #define PACKAGE_BUGREPORT "BUG-REPORT-ADDRESS"
| #define PACKAGE_URL ""
| #define PACKAGE "full-package-name"
| #define VERSION "VERSION"
| /* end confdefs.h.  */
| #include <ac_nonexistent.h>
configure:7394: checking for ANSI C header files
configure:7414: gcc -c -g -O2  conftest.c >&5
configure:7414: $? = 0
configure:7487: gcc -o conftest -g -O2   conftest.c  >&5
configure:7487: $? = 0
configure:7487: ./conftest
configure:7487: $? = 0
configure:7498: result: yes
configure:7511: checking for sys/types.h
configure:7511: gcc -c -g -O2  conftest.c >&5
configure:7511: $? = 0
configure:7511: result: yes
configure:7511: checking for sys/stat.h
configure:7511: gcc -c -g -O2  conftest.c >&5
configure:7511: $? = 0
configure:7511: result: yes
configure:7511: checking for stdlib.h
configure:7511: gcc -c -g -O2  conftest.c >&5
configure:7511: $? = 0
configure:7511: result: yes
configure:7511: checking for string.h
configure:7511: gcc -c -g -O2  conftest.c >&5
configure:7511: $? = 0
configure:7511: result: yes
configure:7511: checking for memory.h
configure:7511: gcc -c -g -O2  conftest.c >&5
configure:7511: $? = 0
configure:7511: result: yes
configure:7511: checking for strings.h
configure:7511: gcc -c -g -O2  conftest.c >&5
configure:7511: $? = 0
configure:7511: result: yes
configure:7511: checking for inttypes.h
configure:7511: gcc -c -g -O2  conftest.c >&5
configure:7511: $? = 0
configure:7511: result: yes
configure:7511: checking for stdint.h
configure:7511: gcc -c -g -O2  conftest.c >&5
configure:7511: $? = 0
configure:7511: result: yes
configure:7511: checking for unistd.h
configure:7511: gcc -c -g -O2  conftest.c >&5
configure:7511: $? = 0
configure:7511: result: yes
configure:7525: checking for dlfcn.h
configure:7525: gcc -c -g -O2  conftest.c >&5
configure:7525: $? = 0
configure:7525: result: yes
configure:7731: checking for objdir
configure:7746: result: .libs
configure:8013: checking if gcc supports -fno-rtti -fno-exceptions
configure:8031: gcc -c -g -O2  -fno-rtti -fno-exceptions conftest.c >&5
cc1: warning: command line option '-fno-rtti' is valid for C++/ObjC++ but not for C [enabled by default]
configure:8035: $? = 0
configure:8048: result: no
configure:8375: checking for gcc option to produce PIC
configure:8382: result: -fPIC -DPIC
configure:8390: checking if gcc PIC flag -fPIC -DPIC works
configure:8408: gcc -c -g -O2  -fPIC -DPIC -DPIC conftest.c >&5
configure:8412: $? = 0
configure:8425: result: yes
configure:8454: checking if gcc static flag -static works
configure:8482: result: no
configure:8497: checking if gcc supports -c -o file.o
configure:8518: gcc -c -g -O2  -o out/conftest2.o conftest.c >&5
configure:8522: $? = 0
configure:8544: result: yes
configure:8552: checking if gcc supports -c -o file.o
configure:8599: result: yes
configure:8632: checking whether the gcc linker (/bin/ld -m elf_x86_64) supports shared libraries
configure:9785: result: yes
configure:9822: checking whether -lc should be explicitly linked in
configure:9830: gcc -c -g -O2  conftest.c >&5
configure:9833: $? = 0
configure:9848: gcc -shared  -fPIC -DPIC conftest.o  -v -Wl,-soname -Wl,conftest -o conftest 2\>\&1 \| /bin/grep  -lc  \>/dev/null 2\>\&1
configure:9851: $? = 0
configure:9865: result: no
configure:10025: checking dynamic linker characteristics
configure:10536: gcc -o conftest -g -O2   -Wl,-rpath -Wl,/foo conftest.c  >&5
configure:10536: $? = 0
configure:10762: result: GNU/Linux ld.so
configure:10869: checking how to hardcode library paths into programs
configure:10894: result: immediate
configure:11434: checking whether stripping libraries is possible
configure:11439: result: yes
configure:11474: checking if libtool supports shared libraries
configure:11476: result: yes
configure:11479: checking whether to build shared libraries
configure:11500: result: yes
configure:11503: checking whether to build static libraries
configure:11507: result: yes
configure:11604: checking for g++
configure:11620: found /bin/g++
configure:11631: result: g++
configure:11658: checking for C++ compiler version
configure:11667: g++ --version >&5
g++ (GCC) 4.8.5 20150623 (Red Hat 4.8.5-4)
Copyright (C) 2015 Free Software Foundation, Inc.
This is free software; see the source for copying conditions.  There is NO
warranty; not even for MERCHANTABILITY or FITNESS FOR A PARTICULAR PURPOSE.

configure:11678: $? = 0
configure:11667: g++ -v >&5
Using built-in specs.
COLLECT_GCC=g++
COLLECT_LTO_WRAPPER=/usr/libexec/gcc/x86_64-redhat-linux/4.8.5/lto-wrapper
Target: x86_64-redhat-linux
Configured with: ../configure --prefix=/usr --mandir=/usr/share/man --infodir=/usr/share/info --with-bugurl=http://bugzilla.redhat.com/bugzilla --enable-bootstrap --enable-shared --enable-threads=posix --enable-checking=release --with-system-zlib --enable-__cxa_atexit --disable-libunwind-exceptions --enable-gnu-unique-object --enable-linker-build-id --with-linker-hash-style=gnu --enable-languages=c,c++,objc,obj-c++,java,fortran,ada,go,lto --enable-plugin --enable-initfini-array --disable-libgcj --with-isl=/builddir/build/BUILD/gcc-4.8.5-20150702/obj-x86_64-redhat-linux/isl-install --with-cloog=/builddir/build/BUILD/gcc-4.8.5-20150702/obj-x86_64-redhat-linux/cloog-install --enable-gnu-indirect-function --with-tune=generic --with-arch_32=x86-64 --build=x86_64-redhat-linux
Thread model: posix
gcc version 4.8.5 20150623 (Red Hat 4.8.5-4) (GCC) 
configure:11678: $? = 0
configure:11667: g++ -V >&5
g++: error: unrecognized command line option '-V'
g++: fatal error: no input files
compilation terminated.
configure:11678: $? = 4
configure:11667: g++ -qversion >&5
g++: error: unrecognized command line option '-qversion'
g++: fatal error: no input files
compilation terminated.
configure:11678: $? = 4
configure:11682: checking whether we are using the GNU C++ compiler
configure:11701: g++ -c   conftest.cpp >&5
configure:11701: $? = 0
configure:11710: result: yes
configure:11719: checking whether g++ accepts -g
configure:11739: g++ -c -g  conftest.cpp >&5
configure:11739: $? = 0
configure:11780: result: yes
configure:11805: checking dependency style of g++
configure:11916: result: gcc3
configure:11949: checking how to run the C++ preprocessor
configure:11976: g++ -E  conftest.cpp
configure:11976: $? = 0
configure:11990: g++ -E  conftest.cpp
conftest.cpp:23:28: fatal error: ac_nonexistent.h: No such file or directory
 #include <ac_nonexistent.h>
                            ^
compilation terminated.
configure:11990: $? = 1
configure: failed program was:
| /* confdefs.h */
| #define PACKAGE_NAME "FULL-PACKAGE-NAME"
| #define PACKAGE_TARNAME "full-package-name"
| #define PACKAGE_VERSION "VERSION"
| #define PACKAGE_STRING "FULL-PACKAGE-NAME VERSION"
| #define PACKAGE_BUGREPORT "BUG-REPORT-ADDRESS"
| #define PACKAGE_URL ""
| #define PACKAGE "full-package-name"
| #define VERSION "VERSION"
| #define STDC_HEADERS 1
| #define HAVE_SYS_TYPES_H 1
| #define HAVE_SYS_STAT_H 1
| #define HAVE_STDLIB_H 1
| #define HAVE_STRING_H 1
| #define HAVE_MEMORY_H 1
| #define HAVE_STRINGS_H 1
| #define HAVE_INTTYPES_H 1
| #define HAVE_STDINT_H 1
| #define HAVE_UNISTD_H 1
| #define HAVE_DLFCN_H 1
| #define LT_OBJDIR ".libs/"
| /* end confdefs.h.  */
| #include <ac_nonexistent.h>
configure:12015: result: g++ -E
configure:12035: g++ -E  conftest.cpp
configure:12035: $? = 0
configure:12049: g++ -E  conftest.cpp
conftest.cpp:23:28: fatal error: ac_nonexistent.h: No such file or directory
 #include <ac_nonexistent.h>
                            ^
compilation terminated.
configure:12049: $? = 1
configure: failed program was:
| /* confdefs.h */
| #define PACKAGE_NAME "FULL-PACKAGE-NAME"
| #define PACKAGE_TARNAME "full-package-name"
| #define PACKAGE_VERSION "VERSION"
| #define PACKAGE_STRING "FULL-PACKAGE-NAME VERSION"
| #define PACKAGE_BUGREPORT "BUG-REPORT-ADDRESS"
| #define PACKAGE_URL ""
| #define PACKAGE "full-package-name"
| #define VERSION "VERSION"
| #define STDC_HEADERS 1
| #define HAVE_SYS_TYPES_H 1
| #define HAVE_SYS_STAT_H 1
| #define HAVE_STDLIB_H 1
| #define HAVE_STRING_H 1
| #define HAVE_MEMORY_H 1
| #define HAVE_STRINGS_H 1
| #define HAVE_INTTYPES_H 1
| #define HAVE_STDINT_H 1
| #define HAVE_UNISTD_H 1
| #define HAVE_DLFCN_H 1
| #define LT_OBJDIR ".libs/"
| /* end confdefs.h.  */
| #include <ac_nonexistent.h>
configure:12218: checking for ld used by g++
configure:12285: result: /bin/ld -m elf_x86_64
configure:12292: checking if the linker (/bin/ld -m elf_x86_64) is GNU ld
configure:12307: result: yes
configure:12362: checking whether the g++ linker (/bin/ld -m elf_x86_64) supports shared libraries
configure:13367: result: yes
configure:13403: g++ -c -g -O2  conftest.cpp >&5
configure:13406: $? = 0
configure:13926: checking for g++ option to produce PIC
configure:13933: result: -fPIC -DPIC
configure:13941: checking if g++ PIC flag -fPIC -DPIC works
configure:13959: g++ -c -g -O2  -fPIC -DPIC -DPIC conftest.cpp >&5
configure:13963: $? = 0
configure:13976: result: yes
configure:13999: checking if g++ static flag -static works
configure:14027: result: no
configure:14039: checking if g++ supports -c -o file.o
configure:14060: g++ -c -g -O2  -o out/conftest2.o conftest.cpp >&5
configure:14064: $? = 0
configure:14086: result: yes
configure:14091: checking if g++ supports -c -o file.o
configure:14138: result: yes
configure:14168: checking whether the g++ linker (/bin/ld -m elf_x86_64) supports shared libraries
configure:14204: result: yes
configure:14345: checking dynamic linker characteristics
configure:15016: result: GNU/Linux ld.so
configure:15069: checking how to hardcode library paths into programs
configure:15094: result: immediate
configure:15252: checking that generated files are newer than configure
configure:15258: result: done
configure:15285: creating ./config.status

## ---------------------- ##
## Running config.status. ##
## ---------------------- ##

This file was extended by FULL-PACKAGE-NAME config.status VERSION, which was
generated by GNU Autoconf 2.69.  Invocation command line was

  CONFIG_FILES    = 
  CONFIG_HEADERS  = 
  CONFIG_LINKS    = 
  CONFIG_COMMANDS = 
  $ ./config.status 

on localhost.localdomain

config.status:1143: creating Makefile
config.status:1143: creating config.h
config.status:1324: config.h is unchanged
config.status:1372: executing depfiles commands
config.status:1372: executing libtool commands

## ---------------- ##
## Cache variables. ##
## ---------------- ##

ac_cv_build=x86_64-unknown-linux-gnu
ac_cv_c_compiler_gnu=yes
ac_cv_cxx_compiler_gnu=yes
ac_cv_env_CCC_set=
ac_cv_env_CCC_value=
ac_cv_env_CC_set=
ac_cv_env_CC_value=
ac_cv_env_CFLAGS_set=
ac_cv_env_CFLAGS_value=
ac_cv_env_CPPFLAGS_set=
ac_cv_env_CPPFLAGS_value=
ac_cv_env_CPP_set=
ac_cv_env_CPP_value=
ac_cv_env_CXXCPP_set=
ac_cv_env_CXXCPP_value=
ac_cv_env_CXXFLAGS_set=
ac_cv_env_CXXFLAGS_value=
ac_cv_env_CXX_set=
ac_cv_env_CXX_value=
ac_cv_env_LDFLAGS_set=
ac_cv_env_LDFLAGS_value=
ac_cv_env_LIBS_set=
ac_cv_env_LIBS_value=
ac_cv_env_build_alias_set=
ac_cv_env_build_alias_value=
ac_cv_env_host_alias_set=
ac_cv_env_host_alias_value=
ac_cv_env_target_alias_set=
ac_cv_env_target_alias_value=
ac_cv_header_dlfcn_h=yes
ac_cv_header_inttypes_h=yes
ac_cv_header_memory_h=yes
ac_cv_header_stdc=yes
ac_cv_header_stdint_h=yes
ac_cv_header_stdlib_h=yes
ac_cv_header_string_h=yes
ac_cv_header_strings_h=yes
ac_cv_header_sys_stat_h=yes
ac_cv_header_sys_types_h=yes
ac_cv_header_unistd_h=yes
ac_cv_host=x86_64-unknown-linux-gnu
ac_cv_objext=o
ac_cv_path_EGREP='/bin/grep -E'
ac_cv_path_FGREP='/bin/grep -F'
ac_cv_path_GREP=/bin/grep
ac_cv_path_SED=/bin/sed
ac_cv_path_install='/bin/install -c'
ac_cv_path_mkdir=/bin/mkdir
ac_cv_prog_AWK=gawk
ac_cv_prog_CPP='gcc -E'
ac_cv_prog_CXXCPP='g++ -E'
ac_cv_prog_ac_ct_AR=ar
ac_cv_prog_ac_ct_CC=gcc
ac_cv_prog_ac_ct_CXX=g++
ac_cv_prog_ac_ct_OBJDUMP=objdump
ac_cv_prog_ac_ct_RANLIB=ranlib
ac_cv_prog_ac_ct_STRIP=strip
ac_cv_prog_cc_c89=
ac_cv_prog_cc_g=yes
ac_cv_prog_cxx_g=yes
ac_cv_prog_make_make_set=yes
am_cv_CC_dependencies_compiler_type=gcc3
am_cv_CXX_dependencies_compiler_type=gcc3
am_cv_ar_interface=ar
am_cv_make_support_nested_variables=yes
lt_cv_ar_at_file=@
lt_cv_archive_cmds_need_lc=no
lt_cv_deplibs_check_method=pass_all
lt_cv_file_magic_cmd='$MAGIC_CMD'
lt_cv_file_magic_test_file=
lt_cv_ld_reload_flag=-r
lt_cv_nm_interface='BSD nm'
lt_cv_objdir=.libs
lt_cv_path_LD=/bin/ld
lt_cv_path_LDCXX='/bin/ld -m elf_x86_64'
lt_cv_path_NM='/bin/nm -B'
lt_cv_path_mainfest_tool=no
lt_cv_prog_compiler_c_o=yes
lt_cv_prog_compiler_c_o_CXX=yes
lt_cv_prog_compiler_pic='-fPIC -DPIC'
lt_cv_prog_compiler_pic_CXX='-fPIC -DPIC'
lt_cv_prog_compiler_pic_works=yes
lt_cv_prog_compiler_pic_works_CXX=yes
lt_cv_prog_compiler_rtti_exceptions=no
lt_cv_prog_compiler_static_works=no
lt_cv_prog_compiler_static_works_CXX=no
lt_cv_prog_gnu_ld=yes
lt_cv_prog_gnu_ldcxx=yes
lt_cv_sharedlib_from_linklib_cmd='printf %s\n'
lt_cv_shlibpath_overrides_runpath=no
lt_cv_sys_global_symbol_pipe='sed -n -e '\''s/^.*[	 ]\([ABCDGIRSTW][ABCDGIRSTW]*\)[	 ][	 ]*\([_A-Za-z][_A-Za-z0-9]*\)$/\1 \2 \2/p'\'' | sed '\''/ __gnu_lto/d'\'''
lt_cv_sys_global_symbol_to_c_name_address='sed -n -e '\''s/^: \([^ ]*\)[ ]*$/  {\"\1\", (void *) 0},/p'\'' -e '\''s/^[ABCDGIRSTW]* \([^ ]*\) \([^ ]*\)$/  {"\2", (void *) \&\2},/p'\'''
lt_cv_sys_global_symbol_to_c_name_address_lib_prefix='sed -n -e '\''s/^: \([^ ]*\)[ ]*$/  {\"\1\", (void *) 0},/p'\'' -e '\''s/^[ABCDGIRSTW]* \([^ ]*\) \(lib[^ ]*\)$/  {"\2", (void *) \&\2},/p'\'' -e '\''s/^[ABCDGIRSTW]* \([^ ]*\) \([^ ]*\)$/  {"lib\2", (void *) \&\2},/p'\'''
lt_cv_sys_global_symbol_to_cdecl='sed -n -e '\''s/^T .* \(.*\)$/extern int \1();/p'\'' -e '\''s/^[ABCDGIRSTW]* .* \(.*\)$/extern char \1;/p'\'''
lt_cv_sys_max_cmd_len=1572864
lt_cv_to_host_file_cmd=func_convert_file_noop
lt_cv_to_tool_file_cmd=func_convert_file_noop

## ----------------- ##
## Output variables. ##
## ----------------- ##

ACLOCAL='${SHELL} /home/build/src/mylib/missing aclocal-1.13'
AMDEPBACKSLASH='\'
AMDEP_FALSE='#'
AMDEP_TRUE=''
AMTAR='$${TAR-tar}'
AM_BACKSLASH='\'
AM_DEFAULT_V='$(AM_DEFAULT_VERBOSITY)'
AM_DEFAULT_VERBOSITY='1'
AM_V='$(V)'
AR='ar'
AUTOCONF='${SHELL} /home/build/src/mylib/missing autoconf'
AUTOHEADER='${SHELL} /home/build/src/mylib/missing autoheader'
AUTOMAKE='${SHELL} /home/build/src/mylib/missing automake-1.13'
AWK='gawk'
CC='gcc'
CCDEPMODE='depmode=gcc3'
CFLAGS='-g -O2'
CPP='gcc -E'
CPPFLAGS=''
CXX='g++'
CXXCPP='g++ -E'
CXXDEPMODE='depmode=gcc3'
CXXFLAGS='-g -O2'
CYGPATH_W='echo'
DEFS='-DHAVE_CONFIG_H'
DEPDIR='.deps'
DLLTOOL='false'
DSYMUTIL=''
DUMPBIN=''
ECHO_C=''
ECHO_N='-n'
ECHO_T=''
EGREP='/bin/grep -E'
EXEEXT=''
FGREP='/bin/grep -F'
GREP='/bin/grep'
INSTALL_DATA='${INSTALL} -m 644'
INSTALL_PROGRAM='${INSTALL}'
INSTALL_SCRIPT='${INSTALL}'
INSTALL_STRIP_PROGRAM='$(install_sh) -c -s'
LD='/bin/ld -m elf_x86_64'
LDFLAGS=''
LIBOBJS=''
LIBS=''
LIBTOOL='$(SHELL) $(top_builddir)/libtool'
LIPO=''
LN_S='ln -s'
LTLIBOBJS=''
MAKEINFO='${SHELL} /home/build/src/mylib/missing makeinfo'
MANIFEST_TOOL=':'
MKDIR_P='/bin/mkdir -p'
NM='/bin/nm -B'
NMEDIT=''
OBJDUMP='objdump'
OBJEXT='o'
OTOOL64=''
OTOOL=''
PACKAGE='full-package-name'
PACKAGE_BUGREPORT='BUG-REPORT-ADDRESS'
PACKAGE_NAME='FULL-PACKAGE-NAME'
PACKAGE_STRING='FULL-PACKAGE-NAME VERSION'
PACKAGE_TARNAME='full-package-name'
PACKAGE_URL=''
PACKAGE_VERSION='VERSION'
PATH_SEPARATOR=':'
RANLIB='ranlib'
SED='/bin/sed'
SET_MAKE=''
SHELL='/bin/sh'
STRIP='strip'
VERSION='VERSION'
ac_ct_AR='ar'
ac_ct_CC='gcc'
ac_ct_CXX='g++'
ac_ct_DUMPBIN=''
am__EXEEXT_FALSE=''
am__EXEEXT_TRUE='#'
am__fastdepCC_FALSE='#'
am__fastdepCC_TRUE=''
am__fastdepCXX_FALSE='#'
am__fastdepCXX_TRUE=''
am__include='include'
am__isrc=''
am__leading_dot='.'
am__nodep='_no'
am__quote=''
am__tar='$${TAR-tar} chof - "$$tardir"'
am__untar='$${TAR-tar} xf -'
bindir='${exec_prefix}/bin'
build='x86_64-unknown-linux-gnu'
build_alias=''
build_cpu='x86_64'
build_os='linux-gnu'
build_vendor='unknown'
datadir='${datarootdir}'
datarootdir='${prefix}/share'
docdir='${datarootdir}/doc/${PACKAGE_TARNAME}'
dvidir='${docdir}'
exec_prefix='${prefix}'
host='x86_64-unknown-linux-gnu'
host_alias=''
host_cpu='x86_64'
host_os='linux-gnu'
host_vendor='unknown'
htmldir='${docdir}'
includedir='${prefix}/include'
infodir='${datarootdir}/info'
install_sh='${SHELL} /home/build/src/mylib/install-sh'
libdir='${exec_prefix}/lib'
libexecdir='${exec_prefix}/libexec'
localedir='${datarootdir}/locale'
localstatedir='${prefix}/var'
mandir='${datarootdir}/man'
mkdir_p='$(MKDIR_P)'
oldincludedir='/usr/include'
pdfdir='${docdir}'
prefix='/usr/local'
program_transform_name='s,x,x,'
psdir='${docdir}'
sbindir='${exec_prefix}/sbin'
sharedstatedir='${prefix}/com'
sysconfdir='${prefix}/etc'
target_alias=''

## ----------- ##
## confdefs.h. ##
## ----------- ##

/* confdefs.h */
#define PACKAGE_NAME "FULL-PACKAGE-NAME"
#define PACKAGE_TARNAME "full-package-name"
#define PACKAGE_VERSION "VERSION"
#define PACKAGE_STRING "FULL-PACKAGE-NAME VERSION"
#define PACKAGE_BUGREPORT "BUG-REPORT-ADDRESS"
#define PACKAGE_URL ""
#define PACKAGE "full-package-name"
#define VERSION "VERSION"
#define STDC_HEADERS 1
#define HAVE_SYS_TYPES_H 1
#define HAVE_SYS_STAT_H 1
#define HAVE_STDLIB_H 1
#define HAVE_STRING_H 1
#define HAVE_MEMORY_H 1
#define HAVE_STRINGS_H 1
#define HAVE_INTTYPES_H 1
#define HAVE_STDINT_H 1
#define HAVE_UNISTD_H 1
#define HAVE_DLFCN_H 1
#define LT_OBJDIR ".libs/"

configure: exit 0

## ---------------------- ##
## Running config.status. ##
## ---------------------- ##

This file was extended by FULL-PACKAGE-NAME config.status VERSION, which was
generated by GNU Autoconf 2.69.  Invocation command line was

  CONFIG_FILES    = 
  CONFIG_HEADERS  = 
  CONFIG_LINKS    = 
  CONFIG_COMMANDS = 
  $ ./config.status Makefile depfiles

on localhost.localdomain

config.status:1143: creating Makefile
config.status:1372: executing depfiles commands
